生成启动时间为 2015/5/22 星期五 12:21:41。
     1>项目“E:\文档\毕业设计\c++project\uartScope\uartScope\uartScope.vcxproj”在节点 2 上(build 个目标)。
     1>PrepareForBuild:
         正在创建目录“E:\文档\毕业设计\c++project\uartScope\Debug\”。
       InitializeBuildStatus:
         正在创建“Debug\uartScope.unsuccessfulbuild”，因为已指定“AlwaysCreate”。
       ClCompile:
         D:\Program Files\Microsoft Visual Studio 10.0\VC\bin\CL.exe /c /ZI /nologo /W3 /WX- /Od /Oy- /D WIN32 /D _WINDOWS /D _DEBUG /D _UNICODE /D UNICODE /D _AFXDLL /Gm /EHsc /RTC1 /MDd /GS /fp:precise /Zc:wchar_t /Zc:forScope /Yc"StdAfx.h" /Fp"Debug\uartScope.pch" /Fo"Debug\\" /Fd"Debug\vc100.pdb" /Gd /TP /analyze- /errorReport:prompt stdafx.cpp
         stdafx.cpp
         D:\Program Files\Microsoft Visual Studio 10.0\VC\bin\CL.exe /c /ZI /nologo /W3 /WX- /Od /Oy- /D WIN32 /D _WINDOWS /D _DEBUG /D _UNICODE /D UNICODE /D _AFXDLL /Gm /EHsc /RTC1 /MDd /GS /fp:precise /Zc:wchar_t /Zc:forScope /Yu"StdAfx.h" /Fp"Debug\uartScope.pch" /Fo"Debug\\" /Fd"Debug\vc100.pdb" /Gd /TP /analyze- /errorReport:prompt MainFrm.cpp uartScope.cpp uartScopeDoc.cpp uartScopeView.cpp
         uartScopeView.cpp
         uartScopeDoc.cpp
         uartScope.cpp
         MainFrm.cpp
         正在生成代码...
       ResourceCompile:
         C:\Program Files\Microsoft SDKs\Windows\v7.0A\bin\rc.exe /D _DEBUG /D _UNICODE /D UNICODE /D _AFXDLL /l"0x0804" /IDebug\ /nologo /fo"Debug\uartScope.res" uartScope.rc 
       ManifestResourceCompile:
         C:\Program Files\Microsoft SDKs\Windows\v7.0A\bin\rc.exe /nologo /fo"Debug\uartScope.exe.embed.manifest.res" Debug\uartScope_manifest.rc 
       Link:
         D:\Program Files\Microsoft Visual Studio 10.0\VC\bin\link.exe /ERRORREPORT:PROMPT /OUT:"E:\文档\毕业设计\c++project\uartScope\Debug\uartScope.exe" /INCREMENTAL /NOLOGO /MANIFEST /ManifestFile:"Debug\uartScope.exe.intermediate.manifest" /MANIFESTUAC:"level='asInvoker' uiAccess='false'" /DEBUG /PDB:"E:\文档\毕业设计\c++project\uartScope\Debug\uartScope.pdb" /SUBSYSTEM:WINDOWS /TLBID:1 /ENTRY:"wWinMainCRTStartup" /DYNAMICBASE /NXCOMPAT /IMPLIB:"E:\文档\毕业设计\c++project\uartScope\Debug\uartScope.lib" /MACHINE:X86 Debug\uartScope.res
         Debug\uartScope.exe.embed.manifest.res
         Debug\MainFrm.obj
         Debug\stdafx.obj
         Debug\uartScope.obj
         Debug\uartScopeDoc.obj
         Debug\uartScopeView.obj
       Manifest:
         C:\Program Files\Microsoft SDKs\Windows\v7.0A\bin\mt.exe /nologo /verbose /out:"Debug\uartScope.exe.embed.manifest" /manifest Debug\uartScope.exe.intermediate.manifest "D:\Program Files\Microsoft Visual Studio 10.0\VC\Include\Manifest\dpiaware.manifest"
         C:\Program Files\Microsoft SDKs\Windows\v7.0A\bin\rc.exe /nologo /fo"Debug\uartScope.exe.embed.manifest.res" Debug\uartScope_manifest.rc 
       LinkEmbedManifest:
         D:\Program Files\Microsoft Visual Studio 10.0\VC\bin\link.exe /ERRORREPORT:PROMPT /OUT:"E:\文档\毕业设计\c++project\uartScope\Debug\uartScope.exe" /INCREMENTAL /NOLOGO /MANIFEST /ManifestFile:"Debug\uartScope.exe.intermediate.manifest" /MANIFESTUAC:"level='asInvoker' uiAccess='false'" /DEBUG /PDB:"E:\文档\毕业设计\c++project\uartScope\Debug\uartScope.pdb" /SUBSYSTEM:WINDOWS /TLBID:1 /ENTRY:"wWinMainCRTStartup" /DYNAMICBASE /NXCOMPAT /IMPLIB:"E:\文档\毕业设计\c++project\uartScope\Debug\uartScope.lib" /MACHINE:X86 Debug\uartScope.res
         Debug\uartScope.exe.embed.manifest.res
         Debug\MainFrm.obj
         Debug\stdafx.obj
         Debug\uartScope.obj
         Debug\uartScopeDoc.obj
         Debug\uartScopeView.obj
         uartScope.vcxproj -> E:\文档\毕业设计\c++project\uartScope\Debug\uartScope.exe
       FinalizeBuildStatus:
         正在删除文件“Debug\uartScope.unsuccessfulbuild”。
         正在对“Debug\uartScope.lastbuildstate”执行 Touch 任务。
     1>已完成生成项目“E:\文档\毕业设计\c++project\uartScope\uartScope\uartScope.vcxproj”(build 个目标)的操作。

生成成功。

已用时间 00:00:18.55
