E:\文档\毕业设计\C++PROJECT\ENGINE2\DEBUG\ENGINE2.EXE
E:\文档\毕业设计\C++PROJECT\ENGINE2\DEBUG\ENGINE2.ILK
E:\文档\毕业设计\C++PROJECT\ENGINE2\DEBUG\ENGINE2.PDB
E:\文档\毕业设计\c++project\Engine2\Engine2\Debug\cl.command.1.tlog
E:\文档\毕业设计\c++project\Engine2\Engine2\Debug\CL.read.1.tlog
E:\文档\毕业设计\c++project\Engine2\Engine2\Debug\CL.write.1.tlog
E:\文档\毕业设计\C++PROJECT\ENGINE2\ENGINE2\DEBUG\ENGINE2.EXE.EMBED.MANIFEST
E:\文档\毕业设计\C++PROJECT\ENGINE2\ENGINE2\DEBUG\ENGINE2.EXE.EMBED.MANIFEST.RES
E:\文档\毕业设计\C++PROJECT\ENGINE2\ENGINE2\DEBUG\ENGINE2.EXE.INTERMEDIATE.MANIFEST
E:\文档\毕业设计\C++PROJECT\ENGINE2\ENGINE2\DEBUG\ENGINE2.OBJ
E:\文档\毕业设计\C++PROJECT\ENGINE2\ENGINE2\DEBUG\ENGINE2.PCH
E:\文档\毕业设计\C++PROJECT\ENGINE2\ENGINE2\DEBUG\ENGINE2.RES
E:\文档\毕业设计\c++project\Engine2\Engine2\Debug\Engine2.vcxprojResolveAssemblyReference.cache
E:\文档\毕业设计\c++project\Engine2\Engine2\Debug\Engine2.write.1.tlog
E:\文档\毕业设计\c++project\Engine2\Engine2\Debug\Engine2_manifest.rc
E:\文档\毕业设计\C++PROJECT\ENGINE2\ENGINE2\DEBUG\ENGINE2DOC.OBJ
E:\文档\毕业设计\C++PROJECT\ENGINE2\ENGINE2\DEBUG\ENGINE2VIEW.OBJ
E:\文档\毕业设计\c++project\Engine2\Engine2\Debug\link.1416.read.1.tlog
E:\文档\毕业设计\c++project\Engine2\Engine2\Debug\link.1416.write.1.tlog
E:\文档\毕业设计\c++project\Engine2\Engine2\Debug\link.1416-cvtres.read.1.tlog
E:\文档\毕业设计\c++project\Engine2\Engine2\Debug\link.1416-cvtres.write.1.tlog
E:\文档\毕业设计\c++project\Engine2\Engine2\Debug\link.5636.read.1.tlog
E:\文档\毕业设计\c++project\Engine2\Engine2\Debug\link.5636.write.1.tlog
E:\文档\毕业设计\c++project\Engine2\Engine2\Debug\link.5636-cvtres.read.1.tlog
E:\文档\毕业设计\c++project\Engine2\Engine2\Debug\link.5636-cvtres.write.1.tlog
E:\文档\毕业设计\c++project\Engine2\Engine2\Debug\link.command.1.tlog
E:\文档\毕业设计\c++project\Engine2\Engine2\Debug\link.read.1.tlog
E:\文档\毕业设计\c++project\Engine2\Engine2\Debug\link.write.1.tlog
E:\文档\毕业设计\c++project\Engine2\Engine2\Debug\link-cvtres.read.1.tlog
E:\文档\毕业设计\c++project\Engine2\Engine2\Debug\link-cvtres.write.1.tlog
E:\文档\毕业设计\C++PROJECT\ENGINE2\ENGINE2\DEBUG\MAINFRM.OBJ
E:\文档\毕业设计\c++project\Engine2\Engine2\Debug\mt.command.1.tlog
E:\文档\毕业设计\c++project\Engine2\Engine2\Debug\mt.read.1.tlog
E:\文档\毕业设计\c++project\Engine2\Engine2\Debug\mt.write.1.tlog
E:\文档\毕业设计\c++project\Engine2\Engine2\Debug\rc.command.1.tlog
E:\文档\毕业设计\c++project\Engine2\Engine2\Debug\rc.read.1.tlog
E:\文档\毕业设计\c++project\Engine2\Engine2\Debug\rc.write.1.tlog
E:\文档\毕业设计\C++PROJECT\ENGINE2\ENGINE2\DEBUG\STDAFX.OBJ
E:\文档\毕业设计\c++project\Engine2\Engine2\Debug\vc100.idb
E:\文档\毕业设计\C++PROJECT\ENGINE2\ENGINE2\DEBUG\VC100.PDB
